<testsuite name="customerdetails-businessprocess-test-suite" time="0.257" failures="0" errors="0" skipped="0" tests="1">
  <properties>
    <property key="JOB_NAME" value="CustomerDetails"/>
    <property key="java.vendor" value="Oracle Corporation"/>
    <property key="sun.java.launcher" value="SUN_STANDARD"/>
    <property key="NUMBER_OF_PROCESSORS" value="2"/>
    <property key="sun.management.compiler" value="HotSpot 64-Bit Tiered Compilers"/>
    <property key="JENKINS_HOME" value="C:\Program Files (x86)\Jenkins"/>
    <property key="HUDSON_SERVER_COOKIE" value="14abbfcba1be8237"/>
    <property key="POM_ARTIFACTID" value="CustomerDetails"/>
    <property key="os.name" value="Windows 10"/>
    <property key="EXECUTOR_NUMBER" value="1"/>
    <property key="sun.boot.class.path" value="C:\Program Files\Java\jdk1.8.0_131\jre\lib\resources.jar;C:\Program Files\Java\jdk1.8.0_131\jre\lib\rt.jar;C:\Program Files\Java\jdk1.8.0_131\jre\lib\sunrsasign.jar;C:\Program Files\Java\jdk1.8.0_131\jre\lib\jsse.jar;C:\Program Files\Java\jdk1.8.0_131\jre\lib\jce.jar;C:\Program Files\Java\jdk1.8.0_131\jre\lib\charsets.jar;C:\Program Files\Java\jdk1.8.0_131\jre\lib\jfr.jar;C:\Program Files\Java\jdk1.8.0_131\jre\classes"/>
    <property key="PATHEXT" value=".COM;.EXE;.BAT;.CMD;.VBS;.VBE;.JS;.JSE;.WSF;.WSH;.MSC"/>
    <property key="sun.desktop" value="windows"/>
    <property key="POM_DISPLAYNAME" value="Customer Details"/>
    <property key="java.vm.specification.vendor" value="Oracle Corporation"/>
    <property key="TEMP" value="C:\Windows\TEMP"/>
    <property key="NODE_LABELS" value="master"/>
    <property key="java.runtime.version" value="1.8.0_131-b11"/>
    <property key="WINSW_SERVICE_ID" value="Jenkins"/>
    <property key="user.name" value="DESKTOP-LLG2JBQ$"/>
    <property key="guice.disable.misplaced.annotation.check" value="true"/>
    <property key="CommonProgramW6432" value="C:\Program Files\Common Files"/>
    <property key="ProgramFiles" value="C:\Program Files (x86)"/>
    <property key="user.language" value="en"/>
    <property key="RUN_CHANGES_DISPLAY_URL" value="http://localhost:8080/job/CustomerDetails/45/display/redirect?page=changes"/>
    <property key="JOB_BASE_NAME" value="CustomerDetails"/>
    <property key="BUILD_DISPLAY_NAME" value="#45"/>
    <property key="sun.boot.library.path" value="C:\Program Files\Java\jdk1.8.0_131\jre\bin"/>
    <property key="GIT_PREVIOUS_SUCCESSFUL_COMMIT" value="50639a28803007fe9147b8f9834c7be112100faf"/>
    <property key="LOCALAPPDATA" value="C:\Windows\system32\config\systemprofile\AppData\Local"/>
    <property key="java.version" value="1.8.0_131"/>
    <property key="PROCESSOR_LEVEL" value="6"/>
    <property key="user.timezone" value="Australia/Sydney"/>
    <property key="USERNAME" value="DESKTOP-LLG2JBQ$"/>
    <property key="sun.arch.data.model" value="64"/>
    <property key="PROCESSOR_ARCHITEW6432" value="AMD64"/>
    <property key="NODE_NAME" value="master"/>
    <property key="java.endorsed.dirs" value="C:\Program Files\Java\jdk1.8.0_131\jre\lib\endorsed"/>
    <property key="BUILD_ID" value="45"/>
    <property key="sun.cpu.isalist" value="amd64"/>
    <property key="sun.jnu.encoding" value="Cp1252"/>
    <property key="file.encoding.pkg" value="sun.io"/>
    <property key="file.separator" value="\"/>
    <property key="java.specification.name" value="Java Platform API Specification"/>
    <property key="java.class.version" value="52.0"/>
    <property key="org.slf4j.simpleLogger.defaultLogLevel" value="info"/>
    <property key="user.country" value="AU"/>
    <property key="ALLUSERSPROFILE" value="C:\ProgramData"/>
    <property key="java.home" value="C:\Program Files\Java\jdk1.8.0_131\jre"/>
    <property key="java.vm.info" value="mixed mode"/>
    <property key="os.version" value="10.0"/>
    <property key="RUN_DISPLAY_URL" value="http://localhost:8080/job/CustomerDetails/45/display/redirect"/>
    <property key="POM_VERSION" value="1"/>
    <property key="TMP" value="C:\Windows\TEMP"/>
    <property key="path.separator" value=";"/>
    <property key="java.vm.version" value="25.131-b11"/>
    <property key="user.variant" value=""/>
    <property key="GIT_PREVIOUS_COMMIT" value="50639a28803007fe9147b8f9834c7be112100faf"/>
    <property key="JOB_DISPLAY_URL" value="http://localhost:8080/job/CustomerDetails/display/redirect"/>
    <property key="CommonProgramFiles(x86)" value="C:\Program Files (x86)\Common Files"/>
    <property key="java.awt.printerjob" value="sun.awt.windows.WPrinterJob"/>
    <property key="JAVA_HOME" value="C:\Program Files\Java\jdk1.8.0_131"/>
    <property key="sun.io.unicode.encoding" value="UnicodeLittle"/>
    <property key="CommonProgramFiles" value="C:\Program Files (x86)\Common Files"/>
    <property key="ComSpec" value="C:\Windows\system32\cmd.exe"/>
    <property key="awt.toolkit" value="sun.awt.windows.WToolkit"/>
    <property key="POM_PACKAGING" value="mule"/>
    <property key="SERVICE_ID" value="Jenkins"/>
    <property key="COMPUTERNAME" value="DESKTOP-LLG2JBQ"/>
    <property key="user.script" value=""/>
    <property key="POM_GROUPID" value="com.mycompany"/>
    <property key="PUBLIC" value="C:\Users\Public"/>
    <property key="user.home" value="C:\Windows\system32\config\systemprofile"/>
    <property key="JENKINS_SERVER_COOKIE" value="14abbfcba1be8237"/>
    <property key="BUILD_TAG" value="jenkins-CustomerDetails-45"/>
    <property key="HUDSON_URL" value="http://localhost:8080/"/>
    <property key="ProgramData" value="C:\ProgramData"/>
    <property key="java.specification.vendor" value="Oracle Corporation"/>
    <property key="USERPROFILE" value="C:\Windows\system32\config\systemprofile"/>
    <property key="CLASSPATH" value=""/>
    <property key="java.library.path" value="C:\Program Files\Java\jdk1.8.0_131\bin;C:\Windows\Sun\Java\bin;C:\Windows\system32;C:\Windows;C:\apache-maven-3.5.0/bin;C:\Program Files\Java\jdk1.8.0_131/bin;C:\Program Files\Java\jdk1.8.0_131/bin;C:\apache-maven-3.5.0\bin;C:\oraclexe\app\oracle\product\11.2.0\server\bin;C:\ProgramData\Oracle\Java\javapath;C:\Windows\system32;C:\Windows;C:\Windows\System32\Wbem;C:\Windows\System32\WindowsPowerShell\v1.0\;%JAVA_HOME%\bin;C:\Program Files\MySQL\MySQL Utilities 1.6\;C:\Git\cmd;C:\Windows\system32\config\systemprofile\AppData\Local\Microsoft\WindowsApps;."/>
    <property key="java.vendor.url" value="http://java.oracle.com/"/>
    <property key="APPDATA" value="C:\Windows\system32\config\systemprofile\AppData\Roaming"/>
    <property key="java.vm.vendor" value="Oracle Corporation"/>
    <property key="maven.home" value="C:\apache-maven-3.5.0"/>
    <property key="java.runtime.name" value="Java(TM) SE Runtime Environment"/>
    <property key="sun.java.command" value="jenkins.maven3.agent.Maven33Main C:\apache-maven-3.5.0 C:\Program Files (x86)\Jenkins\war\WEB-INF\lib\remoting-3.7.jar C:\Program Files (x86)\Jenkins\plugins\maven-plugin\WEB-INF\lib\maven33-interceptor-1.8.1.jar C:\Program Files (x86)\Jenkins\plugins\maven-plugin\WEB-INF\lib\maven3-interceptor-commons-1.8.1.jar 62657"/>
    <property key="java.class.path" value="C:\Program Files (x86)\Jenkins\plugins\maven-plugin\WEB-INF\lib\maven33-agent-1.8.1.jar;C:\apache-maven-3.5.0\boot\plexus-classworlds-2.5.2.jar;C:\apache-maven-3.5.0/conf/logging"/>
    <property key="Path" value="C:\Program Files\Java\jdk1.8.0_131/bin;C:\apache-maven-3.5.0\bin;C:\oraclexe\app\oracle\product\11.2.0\server\bin;C:\ProgramData\Oracle\Java\javapath;C:\Windows\system32;C:\Windows;C:\Windows\System32\Wbem;C:\Windows\System32\WindowsPowerShell\v1.0\;%JAVA_HOME%\bin;C:\Program Files\MySQL\MySQL Utilities 1.6\;C:\Git\cmd;C:\Windows\system32\config\systemprofile\AppData\Local\Microsoft\WindowsApps"/>
    <property key="PROCESSOR_ARCHITECTURE" value="x86"/>
    <property key="java.vm.specification.name" value="Java Virtual Machine Specification"/>
    <property key="PROCESSOR_IDENTIFIER" value="Intel64 Family 6 Model 94 Stepping 3, GenuineIntel"/>
    <property key="PATH+JDK" value="C:\Program Files\Java\jdk1.8.0_131/bin"/>
    <property key="OPENSPAN_APPLICATION_PATH" value="C:\Program Files (x86)\OpenSpan\OpenSpan Studio for Microsoft Visual Studio 2015\"/>
    <property key="java.vm.specification.version" value="1.8"/>
    <property key="M2_HOME" value="C:\apache-maven-3.5.0"/>
    <property key="sun.cpu.endian" value="little"/>
    <property key="sun.os.patch.level" value=""/>
    <property key="OS" value="Windows_NT"/>
    <property key="java.io.tmpdir" value="C:\Windows\TEMP\"/>
    <property key="PATH+MAVEN" value="C:\apache-maven-3.5.0/bin"/>
    <property key="HUDSON_HOME" value="C:\Program Files (x86)\Jenkins"/>
    <property key="ProgramFiles(x86)" value="C:\Program Files (x86)"/>
    <property key="java.vendor.url.bug" value="http://bugreport.sun.com/bugreport/"/>
    <property key="BUILD_URL" value="http://localhost:8080/job/CustomerDetails/45/"/>
    <property key="SystemRoot" value="C:\Windows"/>
    <property key="os.arch" value="amd64"/>
    <property key="java.awt.graphicsenv" value="sun.awt.Win32GraphicsEnvironment"/>
    <property key="java.ext.dirs" value="C:\Program Files\Java\jdk1.8.0_131\jre\lib\ext;C:\Windows\Sun\Java\lib\ext"/>
    <property key="JOB_URL" value="http://localhost:8080/job/CustomerDetails/"/>
    <property key="user.dir" value="C:\Program Files (x86)\Jenkins\workspace\CustomerDetails\CustomerDetails"/>
    <property key="USERDOMAIN" value="WORKGROUP"/>
    <property key="MAVEN_HOME" value="C:\apache-maven-3.5.0"/>
    <property key="line.separator" value="&#xd;&#xa;"/>
    <property key="BASE" value="C:\Program Files (x86)\Jenkins"/>
    <property key="BUILD_NUMBER" value="45"/>
    <property key="java.vm.name" value="Java HotSpot(TM) 64-Bit Server VM"/>
    <property key="PROCESSOR_REVISION" value="5e03"/>
    <property key="JENKINS_URL" value="http://localhost:8080/"/>
    <property key="GIT_BRANCH" value="origin/master"/>
    <property key="ProgramW6432" value="C:\Program Files"/>
    <property key="windir" value="C:\Windows"/>
    <property key="GIT_COMMIT" value="50639a28803007fe9147b8f9834c7be112100faf"/>
    <property key="SystemDrive" value="C:"/>
    <property key="file.encoding" value="Cp1252"/>
    <property key="maven3.interceptor" value="C:\Program Files (x86)\Jenkins\plugins\maven-plugin\WEB-INF\lib\maven33-interceptor-1.8.1.jar"/>
    <property key="WORKSPACE" value="C:\Program Files (x86)\Jenkins\workspace\CustomerDetails"/>
    <property key="maven3.interceptor.common" value="C:\Program Files (x86)\Jenkins\plugins\maven-plugin\WEB-INF\lib\maven3-interceptor-commons-1.8.1.jar"/>
    <property key="WINSW_EXECUTABLE" value="C:\Program Files (x86)\Jenkins\jenkins.exe"/>
    <property key="PSModulePath" value="C:\Program Files\WindowsPowerShell\Modules;C:\Windows\system32\WindowsPowerShell\v1.0\Modules"/>
    <property key="java.specification.version" value="1.8"/>
    <property key="GIT_URL" value="https://github.com/Berrykamini/CustomerDetails"/>
    <property key="mule.testingMode" value="true"/>
    <property key="mule.working.dir" value="C:\Program Files (x86)\Jenkins\workspace\CustomerDetails\CustomerDetails\target\.mule"/>
  </properties>
  <testcase time="0.066" name="customerdetails-businessprocess-test-suite-customerNotFoundFlowTest" classname="customerdetails-businessprocess-test-suite"/>
</testsuite>